<?xml version="1.0" encoding="UTF-8"?>
<!-- Generated by org.testng.reporters.JUnitXMLReporter -->
<testsuite ignored="2" hostname="akshay" failures="0" tests="2" name="Test" time="151.291" errors="0" timestamp="2022-04-13T15:09:53 IST">
  <testcase classname="testNG.TC04" name="webSite4" time="87.077"/>
  <testcase classname="testNG.TC03" name="webSite3" time="63.961"/>
  <testcase classname="testNG.TC02" name="webSite2" time="0.0">
    <ignored/>
  </testcase> <!-- webSite2 -->
  <testcase classname="testNG.TC01" name="webSite1" time="0.0">
    <ignored/>
  </testcase> <!-- webSite1 -->
</testsuite> <!-- Test -->
