<?xml version="1.0" encoding="UTF-8"?>
<testng-results ignored="0" total="1" passed="1" failed="0" skipped="0">
  <reporter-output>
  </reporter-output>
  <suite started-at="2022-04-22T17:24:20 IST" name="Default suite" finished-at="2022-04-22T17:27:04 IST" duration-ms="164441">
    <groups>
    </groups>
    <test started-at="2022-04-22T17:24:20 IST" name="Default test" finished-at="2022-04-22T17:27:04 IST" duration-ms="164441">
      <class name="testNG.ClickingOnUsers">
        <test-method is-config="true" signature="LauchingBrowser()[pri:0, instance:testNG.ClickingOnUsers@5f9b2141]" started-at="2022-04-22T17:24:20 IST" name="LauchingBrowser" finished-at="2022-04-22T17:25:01 IST" duration-ms="41324" status="PASS">
          <reporter-output>
          </reporter-output>
        </test-method> <!-- LauchingBrowser -->
        <test-method is-config="true" signature="LogIn()[pri:0, instance:testNG.ClickingOnUsers@5f9b2141]" started-at="2022-04-22T17:25:01 IST" name="LogIn" finished-at="2022-04-22T17:25:50 IST" duration-ms="48960" status="PASS">
          <reporter-output>
          </reporter-output>
        </test-method> <!-- LogIn -->
        <test-method signature="ClickingOnUsers()[pri:0, instance:testNG.ClickingOnUsers@5f9b2141]" started-at="2022-04-22T17:25:50 IST" name="ClickingOnUsers" finished-at="2022-04-22T17:26:48 IST" duration-ms="57677" status="PASS">
          <reporter-output>
          </reporter-output>
        </test-method> <!-- ClickingOnUsers -->
        <test-method is-config="true" signature="LogOut()[pri:0, instance:testNG.ClickingOnUsers@5f9b2141]" started-at="2022-04-22T17:26:48 IST" name="LogOut" finished-at="2022-04-22T17:27:00 IST" duration-ms="12133" status="PASS">
          <reporter-output>
          </reporter-output>
        </test-method> <!-- LogOut -->
        <test-method is-config="true" signature="CloseTheBrowse()[pri:0, instance:testNG.ClickingOnUsers@5f9b2141]" started-at="2022-04-22T17:27:00 IST" name="CloseTheBrowse" finished-at="2022-04-22T17:27:04 IST" duration-ms="4003" status="PASS">
          <reporter-output>
          </reporter-output>
        </test-method> <!-- CloseTheBrowse -->
      </class> <!-- testNG.ClickingOnUsers -->
    </test> <!-- Default test -->
  </suite> <!-- Default suite -->
</testng-results>
